<?xml version="1.0" encoding="UTF-8"?>
<!-- Generated by org.testng.reporters.JUnitXMLReporter -->
<testsuite hostname="197NODMB5001221.local" ignored="0" name="FunctionalTest" tests="10" failures="0" timestamp="28 Jan 2020 12:23:10 GMT" time="16.225" errors="0">
  <testcase name="apiTest" time="1.482" classname="api.test.LocationVerificationTest"/>
  <testcase name="PropertyFinderTest" time="11.516" classname="least.expensive.hotel.SearchLeastExpensivePropertyTest"/>
  <testcase name="addAsciiChar" time="0.001" classname="unit.arithmetic.test.ArithmeticCalculationTest"/>
  <testcase name="addNegativeNumbers" time="0.001" classname="unit.arithmetic.test.ArithmeticCalculationTest"/>
  <testcase name="subtractFunNegativeTest" time="0.002" classname="unit.arithmetic.test.ArithmeticCalculationTest"/>
  <testcase name="testAdd" time="0.0" classname="unit.arithmetic.test.ArithmeticCalculationTest"/>
  <testcase name="testDivide" time="0.001" classname="unit.arithmetic.test.ArithmeticCalculationTest"/>
  <testcase name="testDivideByZero" time="0.001" classname="unit.arithmetic.test.ArithmeticCalculationTest"/>
  <testcase name="testMultiply" time="0.001" classname="unit.arithmetic.test.ArithmeticCalculationTest"/>
  <testcase name="testSubtract" time="0.001" classname="unit.arithmetic.test.ArithmeticCalculationTest"/>
</testsuite> <!-- FunctionalTest -->
